=~=~=~=~=~=~=~=~=~=~=~= PuTTY log 2025.07.23 10:38:08 =~=~=~=~=~=~=~=~=~=~=~=
18.11
19.41
3.94
2.66
5.23
3.94
3.94
798.62
5.88
7.41
6.21
7.73
11.46
16.52
16.52
9.42
3.29
9.07
12.93
16.29
15.88
16.53
12.83
10.87
13.27
23.05
376.84
16.21
798.62
16.52
12.83
12.83
13.27
15.57
11.23
13.62
10.79
10.77
9.07
13.94
13.62
13.62
12.25
9.07
10.77
16.84
13.50
17.80
18.76
19.64
18.44
798.74
19.09
18.74
17.48
17.80
16.19
15.88
16.21
15.88
16.21
18.76
19.62
25.18
18.76
110.72
15.88
109.09
108.66
109.91
97.21
96.30
96.71
96.83
49.15
104.89
106.12
106.12
107.39
105.27
106.59
106.60
106.48
107.82
107.82
108.20
646.11
798.62
16.21
16.21
9.07
7.51
7.82
24.20
21.32
29.62
9.18
22.28
29.10
21.64
20.36
19.09
17.49
52.58
18.45
17.15
17.80
15.88
18.11
16.21
16.21
20.68